time="2019-10-24T23:49:48-07:00" level=debug msg="connect to database "
time="2019-10-24T23:49:48-07:00" level=debug msg="dataSourceName:dbuser:dbuser@tcp(192.168.50.4:30306)/service_config?charset=utf8"
time="2019-10-24T23:49:48-07:00" level=debug msg="FindAll()"
time="2019-10-24T23:50:09-07:00" level=debug msg="user registere failed:dial tcp 192.168.50.4:30306: connectex: A connection attempt failed because the connected party did not properly respond after a period of time, or established connection failed because connected host has failed to respond."
time="2019-10-30T03:53:39-07:00" level=debug msg="connect to database "
time="2019-10-30T03:53:39-07:00" level=debug msg="dataSourceName:dbuser:dbuser@tcp(192.168.50.4:30306)/service_config?charset=utf8"
time="2019-10-30T03:53:39-07:00" level=debug msg="FindAll()"
time="2019-10-30T03:53:40-07:00" level=debug msg="created=2019-10-21"
time="2019-10-30T03:53:40-07:00" level=debug msg="find user:{1 Tony IT 2019-10-21}"
time="2019-10-30T03:53:40-07:00" level=debug msg="find user list:[{1 Tony IT 2019-10-21}]"
time="2019-10-30T03:53:40-07:00" level=debug msg="user lst:[{1 Tony IT 2019-10-21}]"
time="2019-10-30T03:55:03-07:00" level=debug msg="connect to database "
time="2019-10-30T03:55:03-07:00" level=debug msg="dataSourceName:dbuser:dbuser@tcp(192.168.50.4:30306)/service_config?charset=utf8"
time="2019-10-30T03:55:03-07:00" level=debug msg="FindAll()"
time="2019-10-30T03:55:03-07:00" level=debug msg="created=2019-10-21"
time="2019-10-30T03:55:03-07:00" level=debug msg="find user:{1 Tony IT 2019-10-21}"
time="2019-10-30T03:55:03-07:00" level=debug msg="find user list:[{1 Tony IT 2019-10-21}]"
time="2019-10-30T03:55:03-07:00" level=debug msg="user lst:[{1 Tony IT 2019-10-21}]"
time="2019-10-30T03:56:10-07:00" level=debug msg="connect to database "
time="2019-10-30T03:56:10-07:00" level=debug msg="dataSourceName:dbuser:dbuser@tcp(192.168.50.4:30306)/service_config?charset=utf8"
time="2019-10-30T03:56:10-07:00" level=debug msg="FindAll()"
time="2019-10-30T03:56:10-07:00" level=debug msg="created=2019-10-21"
time="2019-10-30T03:56:10-07:00" level=debug msg="find user:{1 Tony IT 2019-10-21}"
time="2019-10-30T03:56:10-07:00" level=debug msg="find user list:[{1 Tony IT 2019-10-21}]"
time="2019-10-30T03:56:10-07:00" level=debug msg="user lst:[{1 Tony IT 2019-10-21}]"
time="2019-10-30T03:56:45-07:00" level=debug msg="connect to database "
time="2019-10-30T03:56:45-07:00" level=debug msg="dataSourceName:dbuser:dbuser@tcp(192.168.50.4:30306)/service_config?charset=utf8"
time="2019-10-30T03:56:45-07:00" level=debug msg="FindAll()"
time="2019-10-30T03:56:45-07:00" level=debug msg="created=2019-10-21"
time="2019-10-30T03:56:45-07:00" level=debug msg="find user:{1 Tony IT 2019-10-21}"
time="2019-10-30T03:56:45-07:00" level=debug msg="find user list:[{1 Tony IT 2019-10-21}]"
time="2019-10-30T03:56:45-07:00" level=debug msg="user lst:[{1 Tony IT 2019-10-21}]"
time="2019-10-30T03:57:42-07:00" level=debug msg="connect to database "
time="2019-10-30T03:57:42-07:00" level=debug msg="dataSourceName:dbuser:dbuser@tcp(192.168.50.4:30306)/service_config?charset=utf8"
time="2019-10-30T03:57:42-07:00" level=debug msg="FindAll()"
time="2019-10-30T03:57:42-07:00" level=debug msg="created=2019-10-21"
time="2019-10-30T03:57:42-07:00" level=debug msg="find user:{1 Tony IT 2019-10-21}"
time="2019-10-30T03:57:42-07:00" level=debug msg="find user list:[{1 Tony IT 2019-10-21}]"
time="2019-10-30T03:57:42-07:00" level=debug msg="user lst:[{1 Tony IT 2019-10-21}]"
time="2019-10-30T03:58:11-07:00" level=debug msg="connect to database "
time="2019-10-30T03:58:11-07:00" level=debug msg="dataSourceName:dbuser:dbuser@tcp(192.168.50.4:30306)/service_config?charset=utf8"
time="2019-10-30T03:58:11-07:00" level=debug msg="FindAll()"
time="2019-10-30T03:58:11-07:00" level=debug msg="created=2019-10-21"
time="2019-10-30T03:58:11-07:00" level=debug msg="find user:{1 Tony IT 2019-10-21}"
time="2019-10-30T03:58:11-07:00" level=debug msg="find user list:[{1 Tony IT 2019-10-21}]"
time="2019-10-30T03:58:11-07:00" level=debug msg="user lst:[{1 Tony IT 2019-10-21}]"
time="2019-10-30T04:01:53-07:00" level=debug msg="connect to database "
time="2019-10-30T04:01:53-07:00" level=debug msg="dataSourceName:dbuser:dbuser@tcp(192.168.50.4:30306)/service_config?charset=utf8"
time="2019-10-30T04:01:53-07:00" level=debug msg="FindAll()"
time="2019-10-30T04:01:53-07:00" level=debug msg="created=2019-10-21"
time="2019-10-30T04:01:53-07:00" level=debug msg="find user:{1 Tony IT 2019-10-21}"
time="2019-10-30T04:01:53-07:00" level=debug msg="find user list:[{1 Tony IT 2019-10-21}]"
time="2019-10-30T04:01:53-07:00" level=debug msg="user lst:[{1 Tony IT 2019-10-21}]"
time="2019-11-25T03:58:08-08:00" level=debug msg="connect to database "
time="2019-11-25T03:58:08-08:00" level=debug msg="dataSourceName:dbuser:dbuser@tcp(192.168.50.4:30306)/service_config?charset=utf8"
time="2019-11-25T03:58:08-08:00" level=debug msg="FindAll()"
time="2019-11-25T03:58:08-08:00" level=debug msg="created=2019-10-21"
time="2019-11-25T03:58:08-08:00" level=debug msg="find user:{1 Tony IT 2019-10-21}"
time="2019-11-25T03:58:08-08:00" level=debug msg="find user list:[{1 Tony IT 2019-10-21}]"
time="2019-11-25T03:58:08-08:00" level=debug msg="user lst:[{1 Tony IT 2019-10-21}]"
time="2019-12-06T22:42:05-08:00" level=debug msg="connect to database "
time="2019-12-06T22:42:05-08:00" level=debug msg="dataSourceName:dbuser:dbuser@tcp(192.168.50.4:30306)/service_config?charset=utf8"
time="2019-12-06T22:42:05-08:00" level=debug msg="FindAll()"
time="2019-12-06T22:42:06-08:00" level=debug msg="created=2019-10-21"
time="2019-12-06T22:42:06-08:00" level=debug msg="find user:{1 Tony IT 2019-10-21}"
time="2019-12-06T22:42:06-08:00" level=debug msg="find user list:[{1 Tony IT 2019-10-21}]"
time="2019-12-06T22:42:06-08:00" level=debug msg="user lst:[{1 Tony IT 2019-10-21}]"
